d:\угату\2_курс\ооп\oop_laba5\oop_laba5\x64\debug\vc143.pdb
d:\угату\2_курс\ооп\oop_laba5\oop_laba5\x64\debug\vc143.idb
d:\угату\2_курс\ооп\oop_laba5\oop_laba5\x64\debug\pt3.obj
d:\угату\2_курс\ооп\oop_laba5\oop_laba5\x64\debug\pt2.obj
d:\угату\2_курс\ооп\oop_laba5\oop_laba5\x64\debug\pt1.obj
d:\угату\2_курс\ооп\oop_laba5\oop_laba5\x64\debug\oop_laba5.obj
d:\угату\2_курс\ооп\oop_laba5\oop_laba5\x64\debug\pt4.obj
d:\угату\2_курс\ооп\oop_laba5\x64\debug\oop_laba5.exe
d:\угату\2_курс\ооп\oop_laba5\oop_laba5\x64\debug\oop_laba5.ilk
d:\угату\2_курс\ооп\oop_laba5\x64\debug\oop_laba5.pdb
d:\угату\2_курс\ооп\oop_laba5\oop_laba5\x64\debug\oop_laba5.tlog\cl.command.1.tlog
d:\угату\2_курс\ооп\oop_laba5\oop_laba5\x64\debug\oop_laba5.tlog\cl.read.1.tlog
d:\угату\2_курс\ооп\oop_laba5\oop_laba5\x64\debug\oop_laba5.tlog\cl.write.1.tlog
d:\угату\2_курс\ооп\oop_laba5\oop_laba5\x64\debug\oop_laba5.tlog\link.26928-cvtres.read.1.tlog
d:\угату\2_курс\ооп\oop_laba5\oop_laba5\x64\debug\oop_laba5.tlog\link.26928-cvtres.write.1.tlog
d:\угату\2_курс\ооп\oop_laba5\oop_laba5\x64\debug\oop_laba5.tlog\link.26928-rc.read.1.tlog
d:\угату\2_курс\ооп\oop_laba5\oop_laba5\x64\debug\oop_laba5.tlog\link.26928-rc.write.1.tlog
d:\угату\2_курс\ооп\oop_laba5\oop_laba5\x64\debug\oop_laba5.tlog\link.26928.read.1.tlog
d:\угату\2_курс\ооп\oop_laba5\oop_laba5\x64\debug\oop_laba5.tlog\link.26928.read.2.tlog
d:\угату\2_курс\ооп\oop_laba5\oop_laba5\x64\debug\oop_laba5.tlog\link.26928.write.1.tlog
d:\угату\2_курс\ооп\oop_laba5\oop_laba5\x64\debug\oop_laba5.tlog\link.command.1.tlog
d:\угату\2_курс\ооп\oop_laba5\oop_laba5\x64\debug\oop_laba5.tlog\link.read.1.tlog
d:\угату\2_курс\ооп\oop_laba5\oop_laba5\x64\debug\oop_laba5.tlog\link.write.1.tlog
